This file contains any messages produced by compilers while
running configure, to aid debugging if configure makes a mistake.

It was created by linear_algebra configure 0.01, which was
generated by GNU Autoconf 2.69.  Invocation command line was

  $ ./configure 

## --------- ##
## Platform. ##
## --------- ##

hostname = kevins-mbp.aw4.unh.edu
uname -m = x86_64
uname -r = 17.4.0
uname -s = Darwin
uname -v = Darwin Kernel Version 17.4.0: Sun Dec 17 09:19:54 PST 2017; root:xnu-4570.41.2~1/RELEASE_X86_64

/usr/bin/uname -p = i386
/bin/uname -X     = unknown

/bin/arch              = unknown
/usr/bin/arch -k       = unknown
/usr/convex/getsysinfo = unknown
/usr/bin/hostinfo      = Mach kernel version:
	 Darwin Kernel Version 17.4.0: Sun Dec 17 09:19:54 PST 2017; root:xnu-4570.41.2~1/RELEASE_X86_64
Kernel configured for up to 4 processors.
2 processors are physically available.
4 processors are logically available.
Processor type: x86_64h (Intel x86-64h Haswell)
Processors active: 0 1 2 3
Primary memory available: 8.00 gigabytes
Default processor set: 374 tasks, 1816 threads, 4 processors
Load average: 1.46, Mach factor: 2.53
/bin/machine           = unknown
/usr/bin/oslevel       = unknown
/bin/universe          = unknown

PATH: /opt/local/bin
PATH: /opt/local/sbin
PATH: /usr/local/bin
PATH: /usr/bin
PATH: /bin
PATH: /usr/sbin
PATH: /sbin


## ----------- ##
## Core tests. ##
## ----------- ##

configure:1831: checking for a BSD-compatible install
configure:1899: result: /usr/bin/install -c
configure:1910: checking whether build environment is sane
configure:1965: result: yes
configure:2116: checking for a thread-safe mkdir -p
configure:2155: result: ./install-sh -c -d
configure:2162: checking for gawk
configure:2192: result: no
configure:2162: checking for mawk
configure:2192: result: no
configure:2162: checking for nawk
configure:2192: result: no
configure:2162: checking for awk
configure:2178: found /usr/bin/awk
configure:2189: result: awk
configure:2200: checking whether make sets $(MAKE)
configure:2222: result: yes
configure:2251: checking whether make supports nested variables
configure:2268: result: yes
configure:2405: checking whether make supports nested variables
configure:2422: result: yes
configure:2448: checking for style of include used by make
configure:2476: result: GNU
configure:2547: checking for gcc
configure:2563: found /usr/bin/gcc
configure:2574: result: gcc
configure:2803: checking for C compiler version
configure:2812: gcc --version >&5
Apple LLVM version 9.0.0 (clang-900.0.39.2)
Target: x86_64-apple-darwin17.4.0
Thread model: posix
InstalledDir: /Library/Developer/CommandLineTools/usr/bin
Configured with: --prefix=/Library/Developer/CommandLineTools/usr --with-gxx-include-dir=/usr/include/c++/4.2.1
configure:2823: $? = 0
configure:2812: gcc -v >&5
Configured with: --prefix=/Library/Developer/CommandLineTools/usr --with-gxx-include-dir=/usr/include/c++/4.2.1
Apple LLVM version 9.0.0 (clang-900.0.39.2)
Target: x86_64-apple-darwin17.4.0
Thread model: posix
InstalledDir: /Library/Developer/CommandLineTools/usr/bin
configure:2823: $? = 0
configure:2812: gcc -V >&5
clang: error: argument to '-V' is missing (expected 1 value)
clang: error: no input files
configure:2823: $? = 1
configure:2812: gcc -qversion >&5
clang: error: unknown argument: '-qversion'
clang: error: no input files
configure:2823: $? = 1
configure:2843: checking whether the C compiler works
configure:2865: gcc    conftest.c  >&5
configure:2869: $? = 0
configure:2917: result: yes
configure:2920: checking for C compiler default output file name
configure:2922: result: a.out
configure:2928: checking for suffix of executables
configure:2935: gcc -o conftest    conftest.c  >&5
configure:2939: $? = 0
configure:2961: result: 
configure:2983: checking whether we are cross compiling
configure:2991: gcc -o conftest    conftest.c  >&5
configure:2995: $? = 0
configure:3002: ./conftest
configure:3006: $? = 0
configure:3021: result: no
configure:3026: checking for suffix of object files
configure:3048: gcc -c   conftest.c >&5
configure:3052: $? = 0
configure:3073: result: o
configure:3077: checking whether we are using the GNU C compiler
configure:3096: gcc -c   conftest.c >&5
configure:3096: $? = 0
configure:3105: result: yes
configure:3114: checking whether gcc accepts -g
configure:3134: gcc -c -g  conftest.c >&5
configure:3134: $? = 0
configure:3175: result: yes
configure:3192: checking for gcc option to accept ISO C89
configure:3255: gcc  -c -g -O2  conftest.c >&5
configure:3255: $? = 0
configure:3268: result: none needed
configure:3293: checking whether gcc understands -c and -o together
configure:3315: gcc -c conftest.c -o conftest2.o
configure:3318: $? = 0
configure:3315: gcc -c conftest.c -o conftest2.o
configure:3318: $? = 0
configure:3330: result: yes
configure:3349: checking dependency style of gcc
configure:3460: result: gcc3
configure:3475: checking for gcc option to accept ISO C99
configure:3624: gcc  -c -g -O2  conftest.c >&5
configure:3624: $? = 0
configure:3637: result: none needed
configure:3659: checking whether C compiler accepts -Wall
configure:3678: gcc -c -Wall  conftest.c >&5
configure:3678: $? = 0
configure:3688: result: yes
configure:3742: checking for ranlib
configure:3758: found /usr/bin/ranlib
configure:3769: result: ranlib
configure:3840: checking for ar
configure:3856: found /usr/bin/ar
configure:3867: result: ar
configure:3893: checking the archiver (ar) interface
configure:3909: gcc -c -g -O2 -Wall  conftest.c >&5
configure:3909: $? = 0
configure:3911: ar cru libconftest.a conftest.o >&5
configure:3914: $? = 0
configure:3942: result: ar
configure:4076: checking that generated files are newer than configure
configure:4082: result: done
configure:4105: creating ./config.status

## ---------------------- ##
## Running config.status. ##
## ---------------------- ##

This file was extended by linear_algebra config.status 0.01, which was
generated by GNU Autoconf 2.69.  Invocation command line was

  CONFIG_FILES    = 
  CONFIG_HEADERS  = 
  CONFIG_LINKS    = 
  CONFIG_COMMANDS = 
  $ ./config.status 

on kevins-mbp.aw4.unh.edu

config.status:842: creating Makefile
config.status:842: creating config.h
config.status:1071: executing depfiles commands

## ---------------- ##
## Cache variables. ##
## ---------------- ##

ac_cv_c_compiler_gnu=yes
ac_cv_env_CC_set=
ac_cv_env_CC_value=
ac_cv_env_CFLAGS_set=
ac_cv_env_CFLAGS_value=
ac_cv_env_CPPFLAGS_set=
ac_cv_env_CPPFLAGS_value=
ac_cv_env_LDFLAGS_set=
ac_cv_env_LDFLAGS_value=
ac_cv_env_LIBS_set=
ac_cv_env_LIBS_value=
ac_cv_env_build_alias_set=
ac_cv_env_build_alias_value=
ac_cv_env_host_alias_set=
ac_cv_env_host_alias_value=
ac_cv_env_target_alias_set=
ac_cv_env_target_alias_value=
ac_cv_objext=o
ac_cv_path_install='/usr/bin/install -c'
ac_cv_prog_AWK=awk
ac_cv_prog_ac_ct_AR=ar
ac_cv_prog_ac_ct_CC=gcc
ac_cv_prog_ac_ct_RANLIB=ranlib
ac_cv_prog_cc_c89=
ac_cv_prog_cc_c99=
ac_cv_prog_cc_g=yes
ac_cv_prog_make_make_set=yes
am_cv_CC_dependencies_compiler_type=gcc3
am_cv_ar_interface=ar
am_cv_make_support_nested_variables=yes
am_cv_prog_cc_c_o=yes
ax_cv_c_flags__Wall=yes

## ----------------- ##
## Output variables. ##
## ----------------- ##

ACLOCAL='${SHELL} /Users/kevinwu/Desktop/IAM750/class-8-sam-kevin/linear_algebra/missing aclocal-1.15'
AMDEPBACKSLASH='\'
AMDEP_FALSE='#'
AMDEP_TRUE=''
AMTAR='$${TAR-tar}'
AM_BACKSLASH='\'
AM_DEFAULT_V='$(AM_DEFAULT_VERBOSITY)'
AM_DEFAULT_VERBOSITY='0'
AM_V='$(V)'
AR='ar'
AUTOCONF='${SHELL} /Users/kevinwu/Desktop/IAM750/class-8-sam-kevin/linear_algebra/missing autoconf'
AUTOHEADER='${SHELL} /Users/kevinwu/Desktop/IAM750/class-8-sam-kevin/linear_algebra/missing autoheader'
AUTOMAKE='${SHELL} /Users/kevinwu/Desktop/IAM750/class-8-sam-kevin/linear_algebra/missing automake-1.15'
AWK='awk'
CC='gcc'
CCDEPMODE='depmode=gcc3'
CFLAGS='-g -O2 -Wall'
CPPFLAGS=''
CYGPATH_W='echo'
DEFS='-DHAVE_CONFIG_H'
DEPDIR='.deps'
ECHO_C='\c'
ECHO_N=''
ECHO_T=''
EXEEXT=''
INSTALL_DATA='${INSTALL} -m 644'
INSTALL_PROGRAM='${INSTALL}'
INSTALL_SCRIPT='${INSTALL}'
INSTALL_STRIP_PROGRAM='$(install_sh) -c -s'
LDFLAGS=''
LIBOBJS=''
LIBS=''
LTLIBOBJS=''
MAKEINFO='${SHELL} /Users/kevinwu/Desktop/IAM750/class-8-sam-kevin/linear_algebra/missing makeinfo'
MKDIR_P='./install-sh -c -d'
OBJEXT='o'
PACKAGE='linear_algebra'
PACKAGE_BUGREPORT=''
PACKAGE_NAME='linear_algebra'
PACKAGE_STRING='linear_algebra 0.01'
PACKAGE_TARNAME='linear_algebra'
PACKAGE_URL=''
PACKAGE_VERSION='0.01'
PATH_SEPARATOR=':'
RANLIB='ranlib'
SET_MAKE=''
SHELL='/bin/sh'
STRIP=''
VERSION='0.01'
ac_ct_AR='ar'
ac_ct_CC='gcc'
am__EXEEXT_FALSE=''
am__EXEEXT_TRUE='#'
am__fastdepCC_FALSE='#'
am__fastdepCC_TRUE=''
am__include='include'
am__isrc=''
am__leading_dot='.'
am__nodep='_no'
am__quote=''
am__tar='$${TAR-tar} chof - "$$tardir"'
am__untar='$${TAR-tar} xf -'
bindir='${exec_prefix}/bin'
build_alias=''
datadir='${datarootdir}'
datarootdir='${prefix}/share'
docdir='${datarootdir}/doc/${PACKAGE_TARNAME}'
dvidir='${docdir}'
exec_prefix='${prefix}'
host_alias=''
htmldir='${docdir}'
includedir='${prefix}/include'
infodir='${datarootdir}/info'
install_sh='${SHELL} /Users/kevinwu/Desktop/IAM750/class-8-sam-kevin/linear_algebra/install-sh'
libdir='${exec_prefix}/lib'
libexecdir='${exec_prefix}/libexec'
localedir='${datarootdir}/locale'
localstatedir='${prefix}/var'
mandir='${datarootdir}/man'
mkdir_p='$(MKDIR_P)'
oldincludedir='/usr/include'
pdfdir='${docdir}'
prefix='/usr/local'
program_transform_name='s,x,x,'
psdir='${docdir}'
sbindir='${exec_prefix}/sbin'
sharedstatedir='${prefix}/com'
sysconfdir='${prefix}/etc'
target_alias=''

## ----------- ##
## confdefs.h. ##
## ----------- ##

/* confdefs.h */
#define PACKAGE_NAME "linear_algebra"
#define PACKAGE_TARNAME "linear_algebra"
#define PACKAGE_VERSION "0.01"
#define PACKAGE_STRING "linear_algebra 0.01"
#define PACKAGE_BUGREPORT ""
#define PACKAGE_URL ""
#define PACKAGE "linear_algebra"
#define VERSION "0.01"

configure: exit 0
